<?xml version="1.0" encoding="UTF-8"?>
<!-- Generated by org.testng.reporters.JUnitXMLReporter -->
<testsuite ignored="0" hostname="LTIN484795" failures="1" tests="1" name="Test" time="11.389" errors="0" timestamp="2025-07-02T18:04:47 IST">
  <testcase classname="testCases.TC001" name="fill_details" time="0.044">
    <failure type="java.lang.AssertionError" message="Test failed: Cannot invoke &amp;quot;org.openqa.selenium.JavascriptExecutor.executeScript(String, Object[])&amp;quot; because &amp;quot;this.js&amp;quot; is null">
      <![CDATA[java.lang.AssertionError: Test failed: Cannot invoke "org.openqa.selenium.JavascriptExecutor.executeScript(String, Object[])" because "this.js" is null
at testCases.TC001.fill_details(TC001.java:43)
at java.base/java.util.ArrayList.forEach(ArrayList.java:1596)
... Removed 26 stack frames]]>
    </failure>
  </testcase> <!-- fill_details -->
</testsuite> <!-- Test -->
