<?xml version="1.0" encoding="UTF-8"?>
<testng-results ignored="0" total="1" passed="1" failed="0" skipped="0">
  <reporter-output>
  </reporter-output>
  <suite started-at="2025-07-03T10:44:45 IST" name="Suite" finished-at="2025-07-03T10:45:17 IST" duration-ms="31197">
    <groups>
    </groups>
    <test started-at="2025-07-03T10:44:45 IST" name="Test" finished-at="2025-07-03T10:45:17 IST" duration-ms="31197">
      <class name="testCases.TC_002_SecondTestCase">
        <test-method is-config="true" signature="setup(java.lang.String,java.lang.String)[pri:0, instance:testCases.TC_002_SecondTestCase@49438269]" started-at="2025-07-03T10:44:45 IST" name="setup" finished-at="2025-07-03T10:44:58 IST" duration-ms="12045" status="PASS">
          <params>
            <param index="0">
              <value>
                <![CDATA[Windows]]>
              </value>
            </param>
            <param index="1">
              <value>
                <![CDATA[chrome]]>
              </value>
            </param>
          </params>
          <reporter-output>
          </reporter-output>
        </test-method> <!-- setup -->
        <test-method signature="fill_details(java.lang.String,java.lang.String,java.lang.String,java.lang.String,java.lang.String,java.lang.String,java.lang.String,java.lang.String,java.lang.String,java.lang.String,java.lang.String)[pri:0, instance:testCases.TC_002_SecondTestCase@49438269]" started-at="2025-07-03T10:45:00 IST" name="fill_details" data-provider="DP1" finished-at="2025-07-03T10:45:11 IST" duration-ms="11057" status="PASS">
          <params>
            <param index="0">
              <value>
                <![CDATA[Second]]>
              </value>
            </param>
            <param index="1">
              <value>
                <![CDATA[job]]>
              </value>
            </param>
            <param index="2">
              <value>
                <![CDATA[nhi@cognizant.com]]>
              </value>
            </param>
            <param index="3">
              <value>
                <![CDATA[9087654321]]>
              </value>
            </param>
            <param index="4">
              <value>
                <![CDATA[2 Year College]]>
              </value>
            </param>
            <param index="5">
              <value>
                <![CDATA[kjhfbdksd]]>
              </value>
            </param>
            <param index="6">
              <value>
                <![CDATA[CEO]]>
              </value>
            </param>
            <param index="7">
              <value>
                <![CDATA[Academic Affairs]]>
              </value>
            </param>
            <param index="8">
              <value>
                <![CDATA[Learner Support]]>
              </value>
            </param>
            <param index="9">
              <value>
                <![CDATA[India]]>
              </value>
            </param>
            <param index="10">
              <value>
                <![CDATA[Goa]]>
              </value>
            </param>
          </params>
          <reporter-output>
          </reporter-output>
        </test-method> <!-- fill_details -->
        <test-method is-config="true" signature="tearDown()[pri:0, instance:testCases.TC_002_SecondTestCase@49438269]" started-at="2025-07-03T10:45:11 IST" name="tearDown" finished-at="2025-07-03T10:45:17 IST" duration-ms="5932" status="PASS">
          <reporter-output>
          </reporter-output>
        </test-method> <!-- tearDown -->
      </class> <!-- testCases.TC_002_SecondTestCase -->
    </test> <!-- Test -->
  </suite> <!-- Suite -->
</testng-results>
